<?xml version="1.0" encoding="UTF-8"?>
<!-- Generated by org.testng.reporters.JUnitReportReporter -->
<testsuite hostname="Yasser_Huma" failures="0" tests="2" name="Mytest.Program1" time="10.933" errors="0" timestamp="2024-06-26T16:15:56 IST" skipped="0">
  <testcase classname="Mytest.Program1" name="verifyLogo" time="5.010"/>
  <testcase classname="Mytest.Program1" name="verifyTitle" time="5.923"/>
</testsuite> <!-- Mytest.Program1 -->
