<?xml version="1.0" encoding="UTF-8"?>
<!-- Generated by org.testng.reporters.JUnitReportReporter -->
<testsuite hostname="Yasser_Huma" failures="0" tests="2" name="Mytest.Program1" time="9.113" errors="0" timestamp="2024-06-26T17:38:30 IST" skipped="0">
  <testcase classname="Mytest.Program1" name="verifyTitle" time="3.166"/>
  <testcase classname="Mytest.Program1" name="verifyLogo" time="5.947"/>
</testsuite> <!-- Mytest.Program1 -->
